05/11/2014 12:14:44 - -----------------------------
05/11/2014 12:14:44 - |   Servidor Project Wars   |
05/11/2014 12:14:44 - |         PVP 4X4           |
05/11/2014 12:14:44 - |         FIX 88%           |
05/11/2014 12:14:44 - |  developer by Skelleton   |
05/11/2014 12:14:44 - |      SystemPBlackout      |
05/11/2014 12:14:44 - |          Versão: 0.0.1.29    |
05/11/2014 12:14:44 - |                           |
05/11/2014 12:14:44 - |                           |
05/11/2014 12:14:44 - -----------------------------
05/11/2014 12:14:44 - |[SIIH]| Foram carregados 14 itens iniciais.
05/11/2014 12:14:45 - |[GSH]| Foram carregados 3 servidores.
05/11/2014 12:14:45 - |[CIH]| Foram carregados 10 canais.
05/11/2014 12:14:45 - |[SQLJ]| IP: localhost:3306
05/11/2014 12:14:45 - |[SQLJ]| MySQL: estabelecendo conexão...
05/11/2014 12:14:45 - |[CM]| Foram carregados 1 clans.
05/11/2014 12:14:45 - |[CFM]| Foram encontradas 22 configurações.
05/11/2014 12:14:45 - |[ACM]| Nenhuma conta foi encontrada
05/11/2014 12:14:45 - |[ACM]| System.IndexOutOfRangeException: Could not find specified column in results
   em MySql.Data.MySqlClient.MySqlDataReader.GetOrdinal(String name)
   em MySql.Data.MySqlClient.MySqlDataReader.GetInt32(String column)
   em PBServer.src.managers.AccountManager..ctor() na C:\Users\Guilherme\Desktop\PB\PBTroll Server 1-29\serverpbth\src\managers\AccountManager.cs:linha 56
05/11/2014 12:14:45 - |[FIM]| Foram carregados 13 amigos.
05/11/2014 12:14:45 - |[REIH]| Foram carregados 56 modos de upar.
05/11/2014 12:14:45 - |[SIM]| Foram carregadas 296 informações da loja.
05/11/2014 12:14:45 - |[MM]| Foram carregadas 1 missão(sões).
05/11/2014 12:14:45 - |[PTH]| Foram carregados 1 templates de jogadores.
05/11/2014 12:14:45 - |[NLF]| Login Server IP: 127.0.0.1:39190
05/11/2014 12:14:45 - |[NGF]| Game Server IP: 127.0.0.1:39191
