05/11/2014 11:45:39 - |---------------------------------|
05/11/2014 11:45:39 - |     Project Blackout Server     |
05/11/2014 11:45:39 - |      Fix 87% by Skelleton       |
05/11/2014 11:45:39 - |     Server 2x1 PVP, 2x8 BOT     |
05/11/2014 11:45:39 - |          Dev: Skelleton         |
05/11/2014 11:45:39 - |          Versão: 0.0.1.29       |
05/11/2014 11:45:39 - |---------------------------------|
05/11/2014 11:45:39 - by Skelleton
05/11/2014 11:45:39 - |[SIIH]| Foram carregados 14 itens iniciais.
05/11/2014 11:45:39 - |[GSH]| Foram carregados 3 servidores.
05/11/2014 11:45:39 - |[CIH]| Foram carregados 10 canais.
05/11/2014 11:45:39 - |[SQLJ]| IP: localhost:3306
05/11/2014 11:45:39 - |[SQLJ]| MySQL: estabelecendo conexão...
05/11/2014 11:45:39 - |[CM]| Foram carregados 1 clans.
05/11/2014 11:45:39 - |[CFM]| Foram encontradas 22 configurações.
05/11/2014 11:45:39 - |[ACM]| Nenhuma conta foi encontrada
05/11/2014 11:45:39 - |[ACM]| System.IndexOutOfRangeException: Could not find specified column in results
   em MySql.Data.MySqlClient.MySqlDataReader.GetOrdinal(String name)
   em MySql.Data.MySqlClient.MySqlDataReader.GetInt32(String column)
   em PBServer.src.managers.AccountManager..ctor() na C:\Users\Guilherme\Desktop\PB\PBTroll Server 1-29\serverpbth\src\managers\AccountManager.cs:linha 56
05/11/2014 11:45:39 - |[FIM]| Foram carregados 13 amigos.
05/11/2014 11:45:40 - |[REIH]| Foram carregados 56 modos de upar.
05/11/2014 11:45:40 - |[SIM]| Foram carregadas 296 informações da loja.
05/11/2014 11:45:40 - |[MM]| Foram carregadas 1 missão(sões).
05/11/2014 11:45:40 - |[PTH]| Foram carregados 1 templates de jogadores.
05/11/2014 11:45:40 - |[NGF]| Game Server IP: 127.0.0.1:39191
05/11/2014 11:45:40 - |[NLF]| Login Server IP: 127.0.0.1:39190
